<?xml version="1.0" encoding="utf-8"?><testsuites><testsuite errors="0" failures="0" hostname="DESKTOP-F99DG2B" name="pytest" skipped="0" tests="4" time="2.405" timestamp="2020-05-11T14:14:47.668719"><testcase classname="test_submit" file="test_submit.py" line="3" name="test_q1" time="0.036"></testcase><testcase classname="test_submit" file="test_submit.py" line="8" name="test_q2" time="0.036"></testcase><testcase classname="test_submit" file="test_submit.py" line="13" name="test_q3" time="0.055"></testcase><testcase classname="test_submit" file="test_submit.py" line="18" name="test_q4" time="0.296"></testcase></testsuite></testsuites>