<?xml version="1.0" encoding="utf-8"?><testsuites><testsuite errors="0" failures="0" hostname="DESKTOP-F99DG2B" name="pytest" skipped="0" tests="7" time="2.541" timestamp="2020-05-18T17:38:03.726086"><testcase classname="test_submit" file="test_submit.py" line="3" name="test_q1" time="0.001"></testcase><testcase classname="test_submit" file="test_submit.py" line="11" name="test_q2" time="0.002"></testcase><testcase classname="test_submit" file="test_submit.py" line="16" name="test_q3" time="0.006"></testcase><testcase classname="test_submit" file="test_submit.py" line="21" name="test_q4" time="0.004"></testcase><testcase classname="test_submit" file="test_submit.py" line="26" name="test_q5" time="0.001"></testcase><testcase classname="test_submit" file="test_submit.py" line="34" name="test_q6" time="0.304"></testcase><testcase classname="test_submit" file="test_submit.py" line="39" name="test_q7" time="0.450"></testcase></testsuite></testsuites>